{"C:\\Users\\rodrigo.faure\\Desktop\\Ticket-Globant\\src\\App.jsx": {"path":"C:\\Users\\rodrigo.faure\\Desktop\\Ticket-Globant\\src\\App.jsx","all":true,"statementMap":{"0":{"start":{"line":1,"column":0},"end":{"line":1,"column":74}},"1":{"start":{"line":2,"column":0},"end":{"line":2,"column":53}},"2":{"start":{"line":3,"column":0},"end":{"line":3,"column":32}},"3":{"start":{"line":4,"column":0},"end":{"line":4,"column":40}},"4":{"start":{"line":5,"column":0},"end":{"line":5,"column":46}},"5":{"start":{"line":6,"column":0},"end":{"line":6,"column":40}},"6":{"start":{"line":7,"column":0},"end":{"line":7,"column":46}},"7":{"start":{"line":8,"column":0},"end":{"line":8,"column":41}},"8":{"start":{"line":9,"column":0},"end":{"line":9,"column":41}},"9":{"start":{"line":10,"column":0},"end":{"line":10,"column":19}},"11":{"start":{"line":12,"column":0},"end":{"line":12,"column":16}},"12":{"start":{"line":13,"column":0},"end":{"line":13,"column":10}},"13":{"start":{"line":14,"column":0},"end":{"line":14,"column":18}},"14":{"start":{"line":15,"column":0},"end":{"line":15,"column":14}},"15":{"start":{"line":16,"column":0},"end":{"line":16,"column":18}},"16":{"start":{"line":17,"column":0},"end":{"line":17,"column":35}},"17":{"start":{"line":18,"column":0},"end":{"line":18,"column":18}},"18":{"start":{"line":19,"column":0},"end":{"line":19,"column":49}},"19":{"start":{"line":20,"column":0},"end":{"line":20,"column":61}},"20":{"start":{"line":21,"column":0},"end":{"line":21,"column":63}},"21":{"start":{"line":22,"column":0},"end":{"line":22,"column":54}},"22":{"start":{"line":23,"column":0},"end":{"line":23,"column":66}},"23":{"start":{"line":24,"column":0},"end":{"line":24,"column":19}},"24":{"start":{"line":25,"column":0},"end":{"line":25,"column":14}},"25":{"start":{"line":26,"column":0},"end":{"line":26,"column":18}},"26":{"start":{"line":27,"column":0},"end":{"line":27,"column":15}},"27":{"start":{"line":28,"column":0},"end":{"line":28,"column":19}},"29":{"start":{"line":30,"column":0},"end":{"line":30,"column":1}},"31":{"start":{"line":32,"column":0},"end":{"line":32,"column":19}}},"s":{"0":0,"1":0,"2":0,"3":0,"4":0,"5":0,"6":0,"7":0,"8":0,"9":0,"11":0,"12":0,"13":0,"14":0,"15":0,"16":0,"17":0,"18":0,"19":0,"20":0,"21":0,"22":0,"23":0,"24":0,"25":0,"26":0,"27":0,"29":0,"31":0},"branchMap":{"0":{"type":"branch","line":1,"loc":{"start":{"line":1,"column":0},"end":{"line":32,"column":-577}},"locations":[{"start":{"line":1,"column":0},"end":{"line":32,"column":-577}}]}},"b":{"0":[0]},"fnMap":{"0":{"name":"(empty-report)","decl":{"start":{"line":1,"column":0},"end":{"line":32,"column":-577}},"loc":{"start":{"line":1,"column":0},"end":{"line":32,"column":-577}},"line":1}},"f":{"0":0}}
,"C:\\Users\\rodrigo.faure\\Desktop\\Ticket-Globant\\src\\main.jsx": {"path":"C:\\Users\\rodrigo.faure\\Desktop\\Ticket-Globant\\src\\main.jsx","all":true,"statementMap":{"0":{"start":{"line":1,"column":0},"end":{"line":1,"column":34}},"1":{"start":{"line":2,"column":0},"end":{"line":2,"column":45}},"2":{"start":{"line":3,"column":0},"end":{"line":3,"column":20}},"3":{"start":{"line":4,"column":0},"end":{"line":4,"column":27}},"5":{"start":{"line":6,"column":0},"end":{"line":6,"column":51}},"6":{"start":{"line":7,"column":0},"end":{"line":7,"column":14}},"7":{"start":{"line":8,"column":0},"end":{"line":8,"column":11}},"8":{"start":{"line":9,"column":0},"end":{"line":9,"column":16}},"9":{"start":{"line":10,"column":0},"end":{"line":10,"column":1}}},"s":{"0":0,"1":0,"2":0,"3":0,"5":0,"6":0,"7":0,"8":0,"9":0},"branchMap":{"0":{"type":"branch","line":1,"loc":{"start":{"line":1,"column":0},"end":{"line":10,"column":-133}},"locations":[{"start":{"line":1,"column":0},"end":{"line":10,"column":-133}}]}},"b":{"0":[0]},"fnMap":{"0":{"name":"(empty-report)","decl":{"start":{"line":1,"column":0},"end":{"line":10,"column":-133}},"loc":{"start":{"line":1,"column":0},"end":{"line":10,"column":-133}},"line":1}},"f":{"0":0}}
,"C:\\Users\\rodrigo.faure\\Desktop\\Ticket-Globant\\src\\components\\ActiveCart.jsx": {"path":"C:\\Users\\rodrigo.faure\\Desktop\\Ticket-Globant\\src\\components\\ActiveCart.jsx","all":false,"statementMap":{"0":{"start":{"line":1,"column":0},"end":{"line":1,"column":26}},"1":{"start":{"line":2,"column":0},"end":{"line":2,"column":26}},"2":{"start":{"line":3,"column":0},"end":{"line":3,"column":45}},"3":{"start":{"line":4,"column":0},"end":{"line":4,"column":53}},"4":{"start":{"line":5,"column":0},"end":{"line":5,"column":47}},"5":{"start":{"line":6,"column":0},"end":{"line":6,"column":44}},"7":{"start":{"line":8,"column":0},"end":{"line":8,"column":23}},"8":{"start":{"line":9,"column":0},"end":{"line":9,"column":75}},"9":{"start":{"line":10,"column":0},"end":{"line":10,"column":33}},"11":{"start":{"line":12,"column":0},"end":{"line":12,"column":80}},"13":{"start":{"line":14,"column":0},"end":{"line":14,"column":48}},"14":{"start":{"line":15,"column":0},"end":{"line":15,"column":58}},"16":{"start":{"line":17,"column":0},"end":{"line":17,"column":39}},"18":{"start":{"line":19,"column":0},"end":{"line":19,"column":39}},"19":{"start":{"line":20,"column":0},"end":{"line":20,"column":21}},"20":{"start":{"line":21,"column":0},"end":{"line":21,"column":37}},"22":{"start":{"line":23,"column":0},"end":{"line":23,"column":22}},"23":{"start":{"line":24,"column":0},"end":{"line":24,"column":24}},"24":{"start":{"line":25,"column":0},"end":{"line":25,"column":27}},"25":{"start":{"line":26,"column":0},"end":{"line":26,"column":13}},"26":{"start":{"line":27,"column":0},"end":{"line":27,"column":4}},"28":{"start":{"line":29,"column":0},"end":{"line":29,"column":33}},"29":{"start":{"line":30,"column":0},"end":{"line":30,"column":26}},"31":{"start":{"line":32,"column":0},"end":{"line":32,"column":22}},"32":{"start":{"line":33,"column":0},"end":{"line":33,"column":39}},"33":{"start":{"line":34,"column":0},"end":{"line":34,"column":54}},"34":{"start":{"line":35,"column":0},"end":{"line":35,"column":29}},"35":{"start":{"line":36,"column":0},"end":{"line":36,"column":13}},"36":{"start":{"line":37,"column":0},"end":{"line":37,"column":4}},"38":{"start":{"line":39,"column":0},"end":{"line":39,"column":10}},"39":{"start":{"line":40,"column":0},"end":{"line":40,"column":6}},"40":{"start":{"line":41,"column":0},"end":{"line":41,"column":33}},"41":{"start":{"line":42,"column":0},"end":{"line":42,"column":42}},"42":{"start":{"line":43,"column":0},"end":{"line":43,"column":36}},"43":{"start":{"line":44,"column":0},"end":{"line":44,"column":31}},"44":{"start":{"line":45,"column":0},"end":{"line":45,"column":48}},"45":{"start":{"line":46,"column":0},"end":{"line":46,"column":34}},"46":{"start":{"line":47,"column":0},"end":{"line":47,"column":42}},"47":{"start":{"line":48,"column":0},"end":{"line":48,"column":17}},"49":{"start":{"line":50,"column":0},"end":{"line":50,"column":22}},"50":{"start":{"line":51,"column":0},"end":{"line":51,"column":41}},"51":{"start":{"line":52,"column":0},"end":{"line":52,"column":31}},"52":{"start":{"line":53,"column":0},"end":{"line":53,"column":39}},"53":{"start":{"line":54,"column":0},"end":{"line":54,"column":34}},"54":{"start":{"line":55,"column":0},"end":{"line":55,"column":69}},"56":{"start":{"line":57,"column":0},"end":{"line":57,"column":18}},"57":{"start":{"line":58,"column":0},"end":{"line":58,"column":18}},"58":{"start":{"line":59,"column":0},"end":{"line":59,"column":79}},"59":{"start":{"line":60,"column":0},"end":{"line":60,"column":18}},"60":{"start":{"line":61,"column":0},"end":{"line":61,"column":13}},"61":{"start":{"line":62,"column":0},"end":{"line":62,"column":14}},"62":{"start":{"line":63,"column":0},"end":{"line":63,"column":13}},"63":{"start":{"line":64,"column":0},"end":{"line":64,"column":34}},"65":{"start":{"line":66,"column":0},"end":{"line":66,"column":34}},"66":{"start":{"line":67,"column":0},"end":{"line":67,"column":71}},"67":{"start":{"line":68,"column":0},"end":{"line":68,"column":26}},"68":{"start":{"line":69,"column":0},"end":{"line":69,"column":66}},"70":{"start":{"line":71,"column":0},"end":{"line":71,"column":34}},"72":{"start":{"line":73,"column":0},"end":{"line":73,"column":21}},"74":{"start":{"line":75,"column":0},"end":{"line":75,"column":70}},"75":{"start":{"line":76,"column":0},"end":{"line":76,"column":31}},"76":{"start":{"line":77,"column":0},"end":{"line":77,"column":66}},"78":{"start":{"line":79,"column":0},"end":{"line":79,"column":32}},"80":{"start":{"line":81,"column":0},"end":{"line":81,"column":21}},"81":{"start":{"line":82,"column":0},"end":{"line":82,"column":16}},"82":{"start":{"line":83,"column":0},"end":{"line":83,"column":14}},"83":{"start":{"line":84,"column":0},"end":{"line":84,"column":12}},"84":{"start":{"line":85,"column":0},"end":{"line":85,"column":7}},"86":{"start":{"line":87,"column":0},"end":{"line":87,"column":1}},"88":{"start":{"line":89,"column":0},"end":{"line":89,"column":26}}},"s":{"0":1,"1":1,"2":1,"3":1,"4":1,"5":1,"7":3,"8":3,"9":3,"11":3,"13":3,"14":3,"16":3,"18":3,"19":0,"20":0,"22":0,"23":0,"24":0,"25":0,"26":0,"28":3,"29":0,"31":0,"32":0,"33":0,"34":0,"35":0,"36":0,"38":3,"39":3,"40":3,"41":3,"42":3,"43":3,"44":3,"45":3,"46":3,"47":3,"49":3,"50":3,"51":3,"52":3,"53":3,"54":1,"56":3,"57":3,"58":3,"59":3,"60":3,"61":3,"62":3,"63":3,"65":3,"66":3,"67":3,"68":0,"70":3,"72":3,"74":3,"75":3,"76":0,"78":3,"80":3,"81":3,"82":3,"83":3,"84":3,"86":3,"88":1},"branchMap":{"0":{"type":"branch","line":8,"loc":{"start":{"line":8,"column":0},"end":{"line":87,"column":1}},"locations":[{"start":{"line":8,"column":0},"end":{"line":87,"column":1}}]},"1":{"type":"branch","line":68,"loc":{"start":{"line":68,"column":15},"end":{"line":69,"column":66}},"locations":[{"start":{"line":68,"column":15},"end":{"line":69,"column":66}}]},"2":{"type":"branch","line":76,"loc":{"start":{"line":76,"column":15},"end":{"line":77,"column":66}},"locations":[{"start":{"line":76,"column":15},"end":{"line":77,"column":66}}]},"3":{"type":"branch","line":12,"loc":{"start":{"line":12,"column":28},"end":{"line":12,"column":77}},"locations":[{"start":{"line":12,"column":28},"end":{"line":12,"column":77}}]},"4":{"type":"branch","line":44,"loc":{"start":{"line":44,"column":20},"end":{"line":60,"column":18}},"locations":[{"start":{"line":44,"column":20},"end":{"line":60,"column":18}}]},"5":{"type":"branch","line":54,"loc":{"start":{"line":54,"column":28},"end":{"line":55,"column":69}},"locations":[{"start":{"line":54,"column":28},"end":{"line":55,"column":69}}]},"6":{"type":"branch","line":59,"loc":{"start":{"line":59,"column":31},"end":{"line":59,"column":62}},"locations":[{"start":{"line":59,"column":31},"end":{"line":59,"column":62}}]}},"b":{"0":[3],"1":[0],"2":[0],"3":[3],"4":[3],"5":[1],"6":[1]},"fnMap":{"0":{"name":"ActiveCart","decl":{"start":{"line":8,"column":0},"end":{"line":87,"column":1}},"loc":{"start":{"line":8,"column":0},"end":{"line":87,"column":1}},"line":8},"1":{"name":"handleConfirmPurchase","decl":{"start":{"line":19,"column":32},"end":{"line":27,"column":4}},"loc":{"start":{"line":19,"column":32},"end":{"line":27,"column":4}},"line":19},"2":{"name":"handleEmptyCart","decl":{"start":{"line":29,"column":26},"end":{"line":37,"column":4}},"loc":{"start":{"line":29,"column":26},"end":{"line":37,"column":4}},"line":29},"3":{"name":"onChange","decl":{"start":{"line":54,"column":28},"end":{"line":55,"column":69}},"loc":{"start":{"line":54,"column":28},"end":{"line":55,"column":69}},"line":54},"4":{"name":"onClick","decl":{"start":{"line":59,"column":31},"end":{"line":59,"column":62}},"loc":{"start":{"line":59,"column":31},"end":{"line":59,"column":62}},"line":59}},"f":{"0":3,"1":0,"2":0,"3":1,"4":1}}
,"C:\\Users\\rodrigo.faure\\Desktop\\Ticket-Globant\\src\\components\\CardButton.jsx": {"path":"C:\\Users\\rodrigo.faure\\Desktop\\Ticket-Globant\\src\\components\\CardButton.jsx","all":false,"statementMap":{"3":{"start":{"line":4,"column":0},"end":{"line":4,"column":27}},"5":{"start":{"line":6,"column":0},"end":{"line":6,"column":34}},"6":{"start":{"line":7,"column":0},"end":{"line":7,"column":12}},"7":{"start":{"line":8,"column":0},"end":{"line":8,"column":56}},"9":{"start":{"line":10,"column":0},"end":{"line":10,"column":15}},"11":{"start":{"line":12,"column":0},"end":{"line":12,"column":3}},"13":{"start":{"line":14,"column":0},"end":{"line":14,"column":28}}},"s":{"3":1,"5":11,"6":11,"7":11,"9":11,"11":11,"13":1},"branchMap":{"0":{"type":"branch","line":6,"loc":{"start":{"line":6,"column":0},"end":{"line":12,"column":3}},"locations":[{"start":{"line":6,"column":0},"end":{"line":12,"column":3}}]}},"b":{"0":[11]},"fnMap":{"0":{"name":"CardButton","decl":{"start":{"line":6,"column":0},"end":{"line":12,"column":3}},"loc":{"start":{"line":6,"column":0},"end":{"line":12,"column":3}},"line":6}},"f":{"0":11}}
,"C:\\Users\\rodrigo.faure\\Desktop\\Ticket-Globant\\src\\components\\ConcertCard.jsx": {"path":"C:\\Users\\rodrigo.faure\\Desktop\\Ticket-Globant\\src\\components\\ConcertCard.jsx","all":false,"statementMap":{"2":{"start":{"line":3,"column":0},"end":{"line":3,"column":27}},"4":{"start":{"line":5,"column":0},"end":{"line":5,"column":44}},"5":{"start":{"line":6,"column":0},"end":{"line":6,"column":47}},"6":{"start":{"line":7,"column":0},"end":{"line":7,"column":53}},"7":{"start":{"line":8,"column":0},"end":{"line":8,"column":38}},"8":{"start":{"line":9,"column":0},"end":{"line":9,"column":20}},"9":{"start":{"line":10,"column":0},"end":{"line":10,"column":26}},"12":{"start":{"line":13,"column":0},"end":{"line":13,"column":35}},"13":{"start":{"line":14,"column":0},"end":{"line":14,"column":54}},"14":{"start":{"line":15,"column":0},"end":{"line":15,"column":45}},"15":{"start":{"line":16,"column":0},"end":{"line":16,"column":31}},"19":{"start":{"line":20,"column":0},"end":{"line":20,"column":33}},"21":{"start":{"line":22,"column":0},"end":{"line":22,"column":71}},"23":{"start":{"line":24,"column":0},"end":{"line":24,"column":55}},"24":{"start":{"line":25,"column":0},"end":{"line":25,"column":77}},"25":{"start":{"line":26,"column":0},"end":{"line":26,"column":45}},"26":{"start":{"line":27,"column":0},"end":{"line":27,"column":13}},"27":{"start":{"line":28,"column":0},"end":{"line":28,"column":5}},"29":{"start":{"line":30,"column":0},"end":{"line":30,"column":23}},"30":{"start":{"line":31,"column":0},"end":{"line":31,"column":52}},"31":{"start":{"line":32,"column":0},"end":{"line":32,"column":43}},"32":{"start":{"line":33,"column":0},"end":{"line":33,"column":4}},"34":{"start":{"line":35,"column":0},"end":{"line":35,"column":10}},"35":{"start":{"line":36,"column":0},"end":{"line":36,"column":26}},"36":{"start":{"line":37,"column":0},"end":{"line":37,"column":54}},"37":{"start":{"line":38,"column":0},"end":{"line":38,"column":29}},"38":{"start":{"line":39,"column":0},"end":{"line":39,"column":34}},"40":{"start":{"line":41,"column":0},"end":{"line":41,"column":35}},"41":{"start":{"line":42,"column":0},"end":{"line":42,"column":35}},"42":{"start":{"line":43,"column":0},"end":{"line":43,"column":38}},"43":{"start":{"line":44,"column":0},"end":{"line":44,"column":55}},"44":{"start":{"line":45,"column":0},"end":{"line":45,"column":58}},"45":{"start":{"line":46,"column":0},"end":{"line":46,"column":20}},"46":{"start":{"line":47,"column":0},"end":{"line":47,"column":35}},"47":{"start":{"line":48,"column":0},"end":{"line":48,"column":14}},"48":{"start":{"line":49,"column":0},"end":{"line":49,"column":32}},"49":{"start":{"line":50,"column":0},"end":{"line":50,"column":50}},"50":{"start":{"line":51,"column":0},"end":{"line":51,"column":102}},"51":{"start":{"line":52,"column":0},"end":{"line":52,"column":11}},"52":{"start":{"line":53,"column":0},"end":{"line":53,"column":12}},"55":{"start":{"line":56,"column":0},"end":{"line":56,"column":19}},"56":{"start":{"line":57,"column":0},"end":{"line":57,"column":84}},"57":{"start":{"line":58,"column":0},"end":{"line":58,"column":19}},"58":{"start":{"line":59,"column":0},"end":{"line":59,"column":12}},"61":{"start":{"line":62,"column":0},"end":{"line":62,"column":10}},"63":{"start":{"line":64,"column":0},"end":{"line":64,"column":1}},"65":{"start":{"line":66,"column":0},"end":{"line":66,"column":27}}},"s":{"2":1,"4":1,"5":1,"6":1,"7":1,"8":1,"9":1,"12":8,"13":8,"14":8,"15":8,"19":8,"21":2,"23":2,"24":1,"25":1,"26":1,"27":1,"29":1,"30":1,"31":1,"32":2,"34":8,"35":8,"36":8,"37":8,"38":8,"40":8,"41":8,"42":8,"43":8,"44":8,"45":8,"46":8,"47":8,"48":8,"49":8,"50":8,"51":8,"52":8,"55":8,"56":2,"57":2,"58":2,"61":8,"63":8,"65":1},"branchMap":{"0":{"type":"branch","line":13,"loc":{"start":{"line":13,"column":0},"end":{"line":64,"column":1}},"locations":[{"start":{"line":13,"column":0},"end":{"line":64,"column":1}}]},"1":{"type":"branch","line":56,"loc":{"start":{"line":56,"column":7},"end":{"line":59,"column":12}},"locations":[{"start":{"line":56,"column":7},"end":{"line":59,"column":12}}]},"2":{"type":"branch","line":57,"loc":{"start":{"line":57,"column":43},"end":{"line":57,"column":67}},"locations":[{"start":{"line":57,"column":43},"end":{"line":57,"column":67}}]},"3":{"type":"branch","line":57,"loc":{"start":{"line":57,"column":47},"end":{"line":57,"column":84}},"locations":[{"start":{"line":57,"column":47},"end":{"line":57,"column":84}}]},"4":{"type":"branch","line":20,"loc":{"start":{"line":20,"column":26},"end":{"line":33,"column":4}},"locations":[{"start":{"line":20,"column":26},"end":{"line":33,"column":4}}]},"5":{"type":"branch","line":24,"loc":{"start":{"line":24,"column":10},"end":{"line":24,"column":54}},"locations":[{"start":{"line":24,"column":10},"end":{"line":24,"column":54}}]},"6":{"type":"branch","line":24,"loc":{"start":{"line":24,"column":54},"end":{"line":32,"column":43}},"locations":[{"start":{"line":24,"column":54},"end":{"line":32,"column":43}}]},"7":{"type":"branch","line":22,"loc":{"start":{"line":22,"column":37},"end":{"line":22,"column":69}},"locations":[{"start":{"line":22,"column":37},"end":{"line":22,"column":69}}]},"8":{"type":"branch","line":51,"loc":{"start":{"line":51,"column":45},"end":{"line":51,"column":86}},"locations":[{"start":{"line":51,"column":45},"end":{"line":51,"column":86}}]}},"b":{"0":[8],"1":[2],"2":[1],"3":[1],"4":[2],"5":[1],"6":[1],"7":[1],"8":[2]},"fnMap":{"0":{"name":"ConcertCard","decl":{"start":{"line":13,"column":0},"end":{"line":64,"column":1}},"loc":{"start":{"line":13,"column":0},"end":{"line":64,"column":1}},"line":13},"1":{"name":"handleAddToCart","decl":{"start":{"line":20,"column":26},"end":{"line":33,"column":4}},"loc":{"start":{"line":20,"column":26},"end":{"line":33,"column":4}},"line":20},"2":{"name":"onClick","decl":{"start":{"line":51,"column":45},"end":{"line":51,"column":86}},"loc":{"start":{"line":51,"column":45},"end":{"line":51,"column":86}},"line":51}},"f":{"0":8,"1":2,"2":2}}
,"C:\\Users\\rodrigo.faure\\Desktop\\Ticket-Globant\\src\\components\\ConcertDetail.jsx": {"path":"C:\\Users\\rodrigo.faure\\Desktop\\Ticket-Globant\\src\\components\\ConcertDetail.jsx","all":false,"statementMap":{"1":{"start":{"line":2,"column":0},"end":{"line":2,"column":26}},"2":{"start":{"line":3,"column":0},"end":{"line":3,"column":29}},"3":{"start":{"line":4,"column":0},"end":{"line":4,"column":45}},"4":{"start":{"line":5,"column":0},"end":{"line":5,"column":53}},"5":{"start":{"line":6,"column":0},"end":{"line":6,"column":38}},"6":{"start":{"line":7,"column":0},"end":{"line":7,"column":20}},"7":{"start":{"line":8,"column":0},"end":{"line":8,"column":27}},"8":{"start":{"line":9,"column":0},"end":{"line":9,"column":40}},"9":{"start":{"line":10,"column":0},"end":{"line":10,"column":45}},"11":{"start":{"line":12,"column":0},"end":{"line":12,"column":26}},"12":{"start":{"line":13,"column":0},"end":{"line":13,"column":54}},"13":{"start":{"line":14,"column":0},"end":{"line":14,"column":45}},"16":{"start":{"line":17,"column":0},"end":{"line":17,"column":27}},"17":{"start":{"line":18,"column":0},"end":{"line":18,"column":66}},"20":{"start":{"line":21,"column":0},"end":{"line":21,"column":33}},"22":{"start":{"line":23,"column":0},"end":{"line":23,"column":25}},"24":{"start":{"line":25,"column":0},"end":{"line":25,"column":69}},"26":{"start":{"line":27,"column":0},"end":{"line":27,"column":53}},"27":{"start":{"line":28,"column":0},"end":{"line":28,"column":77}},"28":{"start":{"line":29,"column":0},"end":{"line":29,"column":45}},"29":{"start":{"line":30,"column":0},"end":{"line":30,"column":13}},"30":{"start":{"line":31,"column":0},"end":{"line":31,"column":5}},"32":{"start":{"line":33,"column":0},"end":{"line":33,"column":23}},"33":{"start":{"line":34,"column":0},"end":{"line":34,"column":52}},"34":{"start":{"line":35,"column":0},"end":{"line":35,"column":43}},"35":{"start":{"line":36,"column":0},"end":{"line":36,"column":4}},"37":{"start":{"line":38,"column":0},"end":{"line":38,"column":10}},"38":{"start":{"line":39,"column":0},"end":{"line":39,"column":36}},"39":{"start":{"line":40,"column":0},"end":{"line":40,"column":35}},"40":{"start":{"line":41,"column":0},"end":{"line":41,"column":56}},"41":{"start":{"line":42,"column":0},"end":{"line":42,"column":31}},"42":{"start":{"line":43,"column":0},"end":{"line":43,"column":36}},"43":{"start":{"line":44,"column":0},"end":{"line":44,"column":11}},"48":{"start":{"line":49,"column":0},"end":{"line":49,"column":12}},"50":{"start":{"line":51,"column":0},"end":{"line":51,"column":37}},"51":{"start":{"line":52,"column":0},"end":{"line":52,"column":37}},"52":{"start":{"line":53,"column":0},"end":{"line":53,"column":38}},"53":{"start":{"line":54,"column":0},"end":{"line":54,"column":56}},"54":{"start":{"line":55,"column":0},"end":{"line":55,"column":60}},"55":{"start":{"line":56,"column":0},"end":{"line":56,"column":18}},"56":{"start":{"line":57,"column":0},"end":{"line":57,"column":35}},"57":{"start":{"line":58,"column":0},"end":{"line":58,"column":16}},"58":{"start":{"line":59,"column":0},"end":{"line":59,"column":50}},"59":{"start":{"line":60,"column":0},"end":{"line":60,"column":14}},"61":{"start":{"line":62,"column":0},"end":{"line":62,"column":21}},"62":{"start":{"line":63,"column":0},"end":{"line":63,"column":86}},"63":{"start":{"line":64,"column":0},"end":{"line":64,"column":21}},"64":{"start":{"line":65,"column":0},"end":{"line":65,"column":14}},"66":{"start":{"line":67,"column":0},"end":{"line":67,"column":12}},"67":{"start":{"line":68,"column":0},"end":{"line":68,"column":10}},"69":{"start":{"line":70,"column":0},"end":{"line":70,"column":1}},"71":{"start":{"line":72,"column":0},"end":{"line":72,"column":29}}},"s":{"1":1,"2":1,"3":1,"4":1,"5":1,"6":1,"7":1,"8":1,"9":1,"11":1,"12":1,"13":1,"16":1,"17":1,"20":1,"22":0,"24":0,"26":0,"27":0,"28":0,"29":0,"30":0,"32":0,"33":0,"34":0,"35":0,"37":1,"38":1,"39":1,"40":1,"41":1,"42":1,"43":1,"48":1,"50":1,"51":1,"52":1,"53":1,"54":1,"55":1,"56":1,"57":1,"58":1,"59":1,"61":1,"62":0,"63":0,"64":0,"66":1,"67":1,"69":1,"71":1},"branchMap":{"0":{"type":"branch","line":12,"loc":{"start":{"line":12,"column":0},"end":{"line":70,"column":1}},"locations":[{"start":{"line":12,"column":0},"end":{"line":70,"column":1}}]},"1":{"type":"branch","line":62,"loc":{"start":{"line":62,"column":9},"end":{"line":65,"column":14}},"locations":[{"start":{"line":62,"column":9},"end":{"line":65,"column":14}}]},"2":{"type":"branch","line":18,"loc":{"start":{"line":18,"column":32},"end":{"line":18,"column":64}},"locations":[{"start":{"line":18,"column":32},"end":{"line":18,"column":64}}]}},"b":{"0":[1],"1":[0],"2":[1]},"fnMap":{"0":{"name":"ConcertDetail","decl":{"start":{"line":12,"column":0},"end":{"line":70,"column":1}},"loc":{"start":{"line":12,"column":0},"end":{"line":70,"column":1}},"line":12},"1":{"name":"handleAddToCart","decl":{"start":{"line":21,"column":26},"end":{"line":36,"column":4}},"loc":{"start":{"line":21,"column":26},"end":{"line":36,"column":4}},"line":21}},"f":{"0":1,"1":0}}
,"C:\\Users\\rodrigo.faure\\Desktop\\Ticket-Globant\\src\\components\\ConcertList.jsx": {"path":"C:\\Users\\rodrigo.faure\\Desktop\\Ticket-Globant\\src\\components\\ConcertList.jsx","all":false,"statementMap":{"0":{"start":{"line":1,"column":0},"end":{"line":1,"column":26}},"1":{"start":{"line":2,"column":0},"end":{"line":2,"column":33}},"2":{"start":{"line":3,"column":0},"end":{"line":3,"column":40}},"3":{"start":{"line":4,"column":0},"end":{"line":4,"column":40}},"4":{"start":{"line":5,"column":0},"end":{"line":5,"column":26}},"6":{"start":{"line":7,"column":0},"end":{"line":7,"column":24}},"8":{"start":{"line":9,"column":0},"end":{"line":9,"column":48}},"10":{"start":{"line":11,"column":0},"end":{"line":11,"column":10}},"11":{"start":{"line":12,"column":0},"end":{"line":12,"column":6}},"13":{"start":{"line":14,"column":0},"end":{"line":14,"column":36}},"14":{"start":{"line":15,"column":0},"end":{"line":15,"column":40}},"15":{"start":{"line":16,"column":0},"end":{"line":16,"column":45}},"16":{"start":{"line":17,"column":0},"end":{"line":17,"column":62}},"17":{"start":{"line":18,"column":0},"end":{"line":18,"column":12}},"19":{"start":{"line":20,"column":0},"end":{"line":20,"column":45}},"21":{"start":{"line":22,"column":0},"end":{"line":22,"column":12}},"22":{"start":{"line":23,"column":0},"end":{"line":23,"column":7}},"24":{"start":{"line":25,"column":0},"end":{"line":25,"column":1}},"26":{"start":{"line":27,"column":0},"end":{"line":27,"column":27}}},"s":{"0":1,"1":1,"2":1,"3":1,"4":1,"6":2,"8":2,"10":2,"11":2,"13":2,"14":2,"15":0,"16":0,"17":0,"19":2,"21":2,"22":2,"24":2,"26":1},"branchMap":{"0":{"type":"branch","line":7,"loc":{"start":{"line":7,"column":0},"end":{"line":25,"column":1}},"locations":[{"start":{"line":7,"column":0},"end":{"line":25,"column":1}}]},"1":{"type":"branch","line":15,"loc":{"start":{"line":15,"column":35},"end":{"line":18,"column":12}},"locations":[{"start":{"line":15,"column":35},"end":{"line":18,"column":12}}]}},"b":{"0":[2],"1":[0]},"fnMap":{"0":{"name":"ConcertList","decl":{"start":{"line":7,"column":0},"end":{"line":25,"column":1}},"loc":{"start":{"line":7,"column":0},"end":{"line":25,"column":1}},"line":7}},"f":{"0":2}}
,"C:\\Users\\rodrigo.faure\\Desktop\\Ticket-Globant\\src\\components\\EmptyCart.jsx": {"path":"C:\\Users\\rodrigo.faure\\Desktop\\Ticket-Globant\\src\\components\\EmptyCart.jsx","all":false,"statementMap":{"0":{"start":{"line":1,"column":0},"end":{"line":1,"column":26}},"1":{"start":{"line":2,"column":0},"end":{"line":2,"column":47}},"2":{"start":{"line":3,"column":0},"end":{"line":3,"column":25}},"4":{"start":{"line":5,"column":0},"end":{"line":5,"column":21}},"5":{"start":{"line":6,"column":0},"end":{"line":6,"column":35}},"6":{"start":{"line":7,"column":0},"end":{"line":7,"column":14}},"7":{"start":{"line":8,"column":0},"end":{"line":8,"column":36}},"8":{"start":{"line":9,"column":0},"end":{"line":9,"column":53}},"9":{"start":{"line":10,"column":0},"end":{"line":10,"column":61}},"10":{"start":{"line":11,"column":0},"end":{"line":11,"column":141}},"11":{"start":{"line":12,"column":0},"end":{"line":12,"column":77}},"12":{"start":{"line":13,"column":0},"end":{"line":13,"column":14}},"14":{"start":{"line":15,"column":0},"end":{"line":15,"column":1}},"16":{"start":{"line":17,"column":0},"end":{"line":17,"column":25}}},"s":{"0":1,"1":1,"2":1,"4":2,"5":2,"6":2,"7":2,"8":2,"9":2,"10":2,"11":2,"12":2,"14":2,"16":1},"branchMap":{"0":{"type":"branch","line":5,"loc":{"start":{"line":5,"column":0},"end":{"line":15,"column":1}},"locations":[{"start":{"line":5,"column":0},"end":{"line":15,"column":1}}]},"1":{"type":"branch","line":12,"loc":{"start":{"line":12,"column":29},"end":{"line":12,"column":50}},"locations":[{"start":{"line":12,"column":29},"end":{"line":12,"column":50}}]}},"b":{"0":[2],"1":[1]},"fnMap":{"0":{"name":"EmptyCart","decl":{"start":{"line":5,"column":0},"end":{"line":15,"column":1}},"loc":{"start":{"line":5,"column":0},"end":{"line":15,"column":1}},"line":5},"1":{"name":"onClick","decl":{"start":{"line":12,"column":29},"end":{"line":12,"column":50}},"loc":{"start":{"line":12,"column":29},"end":{"line":12,"column":50}},"line":12}},"f":{"0":2,"1":1}}
,"C:\\Users\\rodrigo.faure\\Desktop\\Ticket-Globant\\src\\components\\FilterBar.jsx": {"path":"C:\\Users\\rodrigo.faure\\Desktop\\Ticket-Globant\\src\\components\\FilterBar.jsx","all":true,"statementMap":{"0":{"start":{"line":1,"column":0},"end":{"line":1,"column":25}},"1":{"start":{"line":2,"column":0},"end":{"line":2,"column":44}},"3":{"start":{"line":4,"column":0},"end":{"line":4,"column":22}},"4":{"start":{"line":5,"column":0},"end":{"line":5,"column":43}},"5":{"start":{"line":6,"column":0},"end":{"line":6,"column":41}},"6":{"start":{"line":7,"column":0},"end":{"line":7,"column":49}},"7":{"start":{"line":8,"column":0},"end":{"line":8,"column":49}},"9":{"start":{"line":10,"column":0},"end":{"line":10,"column":62}},"10":{"start":{"line":11,"column":0},"end":{"line":11,"column":60}},"11":{"start":{"line":12,"column":0},"end":{"line":12,"column":68}},"12":{"start":{"line":13,"column":0},"end":{"line":13,"column":68}},"14":{"start":{"line":15,"column":0},"end":{"line":15,"column":49}},"16":{"start":{"line":17,"column":0},"end":{"line":17,"column":29}},"17":{"start":{"line":18,"column":0},"end":{"line":18,"column":30}},"18":{"start":{"line":19,"column":0},"end":{"line":19,"column":26}},"19":{"start":{"line":20,"column":0},"end":{"line":20,"column":24}},"20":{"start":{"line":21,"column":0},"end":{"line":21,"column":35}},"21":{"start":{"line":22,"column":0},"end":{"line":22,"column":34}},"22":{"start":{"line":23,"column":0},"end":{"line":23,"column":10}},"23":{"start":{"line":24,"column":0},"end":{"line":24,"column":34}},"24":{"start":{"line":25,"column":0},"end":{"line":25,"column":5}},"27":{"start":{"line":28,"column":0},"end":{"line":28,"column":22}},"28":{"start":{"line":29,"column":0},"end":{"line":29,"column":52}},"29":{"start":{"line":30,"column":0},"end":{"line":30,"column":32}},"30":{"start":{"line":31,"column":0},"end":{"line":31,"column":19}},"32":{"start":{"line":33,"column":0},"end":{"line":33,"column":12}},"33":{"start":{"line":34,"column":0},"end":{"line":34,"column":35}},"35":{"start":{"line":36,"column":0},"end":{"line":36,"column":18}},"36":{"start":{"line":37,"column":0},"end":{"line":37,"column":27}},"37":{"start":{"line":38,"column":0},"end":{"line":38,"column":39}},"38":{"start":{"line":39,"column":0},"end":{"line":39,"column":29}},"39":{"start":{"line":40,"column":0},"end":{"line":40,"column":44}},"40":{"start":{"line":41,"column":0},"end":{"line":41,"column":14}},"42":{"start":{"line":43,"column":0},"end":{"line":43,"column":18}},"43":{"start":{"line":44,"column":0},"end":{"line":44,"column":27}},"44":{"start":{"line":45,"column":0},"end":{"line":45,"column":38}},"45":{"start":{"line":46,"column":0},"end":{"line":46,"column":28}},"46":{"start":{"line":47,"column":0},"end":{"line":47,"column":43}},"47":{"start":{"line":48,"column":0},"end":{"line":48,"column":14}},"49":{"start":{"line":50,"column":0},"end":{"line":50,"column":18}},"50":{"start":{"line":51,"column":0},"end":{"line":51,"column":29}},"51":{"start":{"line":52,"column":0},"end":{"line":52,"column":46}},"52":{"start":{"line":53,"column":0},"end":{"line":53,"column":32}},"53":{"start":{"line":54,"column":0},"end":{"line":54,"column":47}},"54":{"start":{"line":55,"column":0},"end":{"line":55,"column":14}},"56":{"start":{"line":57,"column":0},"end":{"line":57,"column":18}},"57":{"start":{"line":58,"column":0},"end":{"line":58,"column":29}},"58":{"start":{"line":59,"column":0},"end":{"line":59,"column":46}},"59":{"start":{"line":60,"column":0},"end":{"line":60,"column":32}},"60":{"start":{"line":61,"column":0},"end":{"line":61,"column":47}},"61":{"start":{"line":62,"column":0},"end":{"line":62,"column":14}},"63":{"start":{"line":64,"column":0},"end":{"line":64,"column":75}},"64":{"start":{"line":65,"column":0},"end":{"line":65,"column":14}},"66":{"start":{"line":67,"column":0},"end":{"line":67,"column":1}},"68":{"start":{"line":69,"column":0},"end":{"line":69,"column":25}}},"s":{"0":0,"1":0,"3":0,"4":0,"5":0,"6":0,"7":0,"9":0,"10":0,"11":0,"12":0,"14":0,"16":0,"17":0,"18":0,"19":0,"20":0,"21":0,"22":0,"23":0,"24":0,"27":0,"28":0,"29":0,"30":0,"32":0,"33":0,"35":0,"36":0,"37":0,"38":0,"39":0,"40":0,"42":0,"43":0,"44":0,"45":0,"46":0,"47":0,"49":0,"50":0,"51":0,"52":0,"53":0,"54":0,"56":0,"57":0,"58":0,"59":0,"60":0,"61":0,"63":0,"64":0,"66":0,"68":0},"branchMap":{"0":{"type":"branch","line":1,"loc":{"start":{"line":1,"column":0},"end":{"line":69,"column":-86}},"locations":[{"start":{"line":1,"column":0},"end":{"line":69,"column":-86}}]}},"b":{"0":[0]},"fnMap":{"0":{"name":"(empty-report)","decl":{"start":{"line":1,"column":0},"end":{"line":69,"column":-86}},"loc":{"start":{"line":1,"column":0},"end":{"line":69,"column":-86}},"line":1}},"f":{"0":0}}
,"C:\\Users\\rodrigo.faure\\Desktop\\Ticket-Globant\\src\\components\\Footer.jsx": {"path":"C:\\Users\\rodrigo.faure\\Desktop\\Ticket-Globant\\src\\components\\Footer.jsx","all":true,"statementMap":{"0":{"start":{"line":1,"column":0},"end":{"line":1,"column":21}},"2":{"start":{"line":3,"column":0},"end":{"line":3,"column":18}},"3":{"start":{"line":4,"column":0},"end":{"line":4,"column":11}},"4":{"start":{"line":5,"column":0},"end":{"line":5,"column":32}},"6":{"start":{"line":7,"column":0},"end":{"line":7,"column":36}},"7":{"start":{"line":8,"column":0},"end":{"line":8,"column":33}},"8":{"start":{"line":9,"column":0},"end":{"line":9,"column":60}},"9":{"start":{"line":10,"column":0},"end":{"line":10,"column":40}},"10":{"start":{"line":11,"column":0},"end":{"line":11,"column":63}},"11":{"start":{"line":12,"column":0},"end":{"line":12,"column":70}},"12":{"start":{"line":13,"column":0},"end":{"line":13,"column":22}},"13":{"start":{"line":14,"column":0},"end":{"line":14,"column":18}},"15":{"start":{"line":16,"column":0},"end":{"line":16,"column":34}},"16":{"start":{"line":17,"column":0},"end":{"line":17,"column":41}},"17":{"start":{"line":18,"column":0},"end":{"line":18,"column":33}},"18":{"start":{"line":19,"column":0},"end":{"line":19,"column":44}},"19":{"start":{"line":20,"column":0},"end":{"line":20,"column":44}},"20":{"start":{"line":21,"column":0},"end":{"line":21,"column":18}},"22":{"start":{"line":23,"column":0},"end":{"line":23,"column":14}},"24":{"start":{"line":25,"column":0},"end":{"line":25,"column":1}},"26":{"start":{"line":27,"column":0},"end":{"line":27,"column":21}}},"s":{"0":0,"2":0,"3":0,"4":0,"6":0,"7":0,"8":0,"9":0,"10":0,"11":0,"12":0,"13":0,"15":0,"16":0,"17":0,"18":0,"19":0,"20":0,"22":0,"24":0,"26":0},"branchMap":{"0":{"type":"branch","line":1,"loc":{"start":{"line":1,"column":0},"end":{"line":27,"column":-203}},"locations":[{"start":{"line":1,"column":0},"end":{"line":27,"column":-203}}]}},"b":{"0":[0]},"fnMap":{"0":{"name":"(empty-report)","decl":{"start":{"line":1,"column":0},"end":{"line":27,"column":-203}},"loc":{"start":{"line":1,"column":0},"end":{"line":27,"column":-203}},"line":1}},"f":{"0":0}}
,"C:\\Users\\rodrigo.faure\\Desktop\\Ticket-Globant\\src\\components\\Header.jsx": {"path":"C:\\Users\\rodrigo.faure\\Desktop\\Ticket-Globant\\src\\components\\Header.jsx","all":true,"statementMap":{"0":{"start":{"line":1,"column":0},"end":{"line":1,"column":21}},"1":{"start":{"line":2,"column":0},"end":{"line":2,"column":36}},"2":{"start":{"line":3,"column":0},"end":{"line":3,"column":47}},"4":{"start":{"line":5,"column":0},"end":{"line":5,"column":19}},"5":{"start":{"line":6,"column":0},"end":{"line":6,"column":35}},"6":{"start":{"line":7,"column":0},"end":{"line":7,"column":11}},"7":{"start":{"line":8,"column":0},"end":{"line":8,"column":32}},"8":{"start":{"line":9,"column":0},"end":{"line":9,"column":89}},"9":{"start":{"line":10,"column":0},"end":{"line":10,"column":25}},"10":{"start":{"line":11,"column":0},"end":{"line":11,"column":82}},"11":{"start":{"line":12,"column":0},"end":{"line":12,"column":49}},"12":{"start":{"line":13,"column":0},"end":{"line":13,"column":21}},"14":{"start":{"line":15,"column":0},"end":{"line":15,"column":14}},"16":{"start":{"line":17,"column":0},"end":{"line":17,"column":1}},"18":{"start":{"line":19,"column":0},"end":{"line":19,"column":22}}},"s":{"0":0,"1":0,"2":0,"4":0,"5":0,"6":0,"7":0,"8":0,"9":0,"10":0,"11":0,"12":0,"14":0,"16":0,"18":0},"branchMap":{"0":{"type":"branch","line":1,"loc":{"start":{"line":1,"column":0},"end":{"line":19,"column":-266}},"locations":[{"start":{"line":1,"column":0},"end":{"line":19,"column":-266}}]}},"b":{"0":[0]},"fnMap":{"0":{"name":"(empty-report)","decl":{"start":{"line":1,"column":0},"end":{"line":19,"column":-266}},"loc":{"start":{"line":1,"column":0},"end":{"line":19,"column":-266}},"line":1}},"f":{"0":0}}
,"C:\\Users\\rodrigo.faure\\Desktop\\Ticket-Globant\\src\\components\\MainEvent.jsx": {"path":"C:\\Users\\rodrigo.faure\\Desktop\\Ticket-Globant\\src\\components\\MainEvent.jsx","all":true,"statementMap":{"0":{"start":{"line":1,"column":0},"end":{"line":1,"column":24}},"1":{"start":{"line":2,"column":0},"end":{"line":2,"column":40}},"2":{"start":{"line":3,"column":0},"end":{"line":3,"column":44}},"3":{"start":{"line":4,"column":0},"end":{"line":4,"column":40}},"5":{"start":{"line":6,"column":0},"end":{"line":6,"column":22}},"7":{"start":{"line":8,"column":0},"end":{"line":8,"column":56}},"9":{"start":{"line":10,"column":0},"end":{"line":10,"column":23}},"10":{"start":{"line":11,"column":0},"end":{"line":11,"column":37}},"11":{"start":{"line":12,"column":0},"end":{"line":12,"column":64}},"12":{"start":{"line":13,"column":0},"end":{"line":13,"column":35}},"13":{"start":{"line":14,"column":0},"end":{"line":14,"column":9}},"15":{"start":{"line":16,"column":0},"end":{"line":16,"column":66}},"16":{"start":{"line":17,"column":0},"end":{"line":17,"column":50}},"18":{"start":{"line":19,"column":0},"end":{"line":19,"column":11}},"21":{"start":{"line":22,"column":0},"end":{"line":22,"column":11}},"22":{"start":{"line":23,"column":0},"end":{"line":23,"column":37}},"23":{"start":{"line":24,"column":0},"end":{"line":24,"column":33}},"24":{"start":{"line":25,"column":0},"end":{"line":25,"column":42}},"25":{"start":{"line":26,"column":0},"end":{"line":26,"column":39}},"26":{"start":{"line":27,"column":0},"end":{"line":27,"column":44}},"27":{"start":{"line":28,"column":0},"end":{"line":28,"column":42}},"28":{"start":{"line":29,"column":0},"end":{"line":29,"column":37}},"30":{"start":{"line":31,"column":0},"end":{"line":31,"column":51}},"31":{"start":{"line":32,"column":0},"end":{"line":32,"column":72}},"32":{"start":{"line":33,"column":0},"end":{"line":33,"column":23}},"34":{"start":{"line":35,"column":0},"end":{"line":35,"column":18}},"35":{"start":{"line":36,"column":0},"end":{"line":36,"column":10}},"38":{"start":{"line":39,"column":0},"end":{"line":39,"column":5}},"39":{"start":{"line":40,"column":0},"end":{"line":40,"column":29}}},"s":{"0":0,"1":0,"2":0,"3":0,"5":0,"7":0,"9":0,"10":0,"11":0,"12":0,"13":0,"15":0,"16":0,"18":0,"21":0,"22":0,"23":0,"24":0,"25":0,"26":0,"27":0,"28":0,"30":0,"31":0,"32":0,"34":0,"35":0,"38":0,"39":0},"branchMap":{"0":{"type":"branch","line":1,"loc":{"start":{"line":1,"column":0},"end":{"line":40,"column":-377}},"locations":[{"start":{"line":1,"column":0},"end":{"line":40,"column":-377}}]}},"b":{"0":[0]},"fnMap":{"0":{"name":"(empty-report)","decl":{"start":{"line":1,"column":0},"end":{"line":40,"column":-377}},"loc":{"start":{"line":1,"column":0},"end":{"line":40,"column":-377}},"line":1}},"f":{"0":0}}
,"C:\\Users\\rodrigo.faure\\Desktop\\Ticket-Globant\\src\\context\\CartContext.jsx": {"path":"C:\\Users\\rodrigo.faure\\Desktop\\Ticket-Globant\\src\\context\\CartContext.jsx","all":false,"statementMap":{"1":{"start":{"line":2,"column":0},"end":{"line":2,"column":26}},"2":{"start":{"line":3,"column":0},"end":{"line":3,"column":59}},"4":{"start":{"line":5,"column":0},"end":{"line":5,"column":43}},"6":{"start":{"line":7,"column":0},"end":{"line":7,"column":44}},"7":{"start":{"line":8,"column":0},"end":{"line":8,"column":42}},"8":{"start":{"line":9,"column":0},"end":{"line":9,"column":52}},"9":{"start":{"line":10,"column":0},"end":{"line":10,"column":52}},"10":{"start":{"line":11,"column":0},"end":{"line":11,"column":5}},"12":{"start":{"line":13,"column":0},"end":{"line":13,"column":19}},"13":{"start":{"line":14,"column":0},"end":{"line":14,"column":55}},"14":{"start":{"line":15,"column":0},"end":{"line":15,"column":13}},"16":{"start":{"line":17,"column":0},"end":{"line":17,"column":34}},"17":{"start":{"line":18,"column":0},"end":{"line":18,"column":27}},"18":{"start":{"line":19,"column":0},"end":{"line":19,"column":75}},"20":{"start":{"line":21,"column":0},"end":{"line":21,"column":25}},"22":{"start":{"line":23,"column":0},"end":{"line":23,"column":41}},"24":{"start":{"line":25,"column":0},"end":{"line":25,"column":26}},"25":{"start":{"line":26,"column":0},"end":{"line":26,"column":9}},"26":{"start":{"line":27,"column":0},"end":{"line":27,"column":37}},"27":{"start":{"line":28,"column":0},"end":{"line":28,"column":32}},"28":{"start":{"line":29,"column":0},"end":{"line":29,"column":54}},"29":{"start":{"line":30,"column":0},"end":{"line":30,"column":18}},"30":{"start":{"line":31,"column":0},"end":{"line":31,"column":10}},"31":{"start":{"line":32,"column":0},"end":{"line":32,"column":7}},"33":{"start":{"line":34,"column":0},"end":{"line":34,"column":56}},"34":{"start":{"line":35,"column":0},"end":{"line":35,"column":7}},"35":{"start":{"line":36,"column":0},"end":{"line":36,"column":4}},"38":{"start":{"line":39,"column":0},"end":{"line":39,"column":34}},"39":{"start":{"line":40,"column":0},"end":{"line":40,"column":69}},"40":{"start":{"line":41,"column":0},"end":{"line":41,"column":4}},"45":{"start":{"line":46,"column":0},"end":{"line":46,"column":44}},"46":{"start":{"line":47,"column":0},"end":{"line":47,"column":23}},"47":{"start":{"line":48,"column":0},"end":{"line":48,"column":51}},"48":{"start":{"line":49,"column":0},"end":{"line":49,"column":13}},"49":{"start":{"line":50,"column":0},"end":{"line":50,"column":5}},"51":{"start":{"line":52,"column":0},"end":{"line":52,"column":23}},"52":{"start":{"line":53,"column":0},"end":{"line":53,"column":72}},"53":{"start":{"line":54,"column":0},"end":{"line":54,"column":13}},"54":{"start":{"line":55,"column":0},"end":{"line":55,"column":5}},"56":{"start":{"line":57,"column":0},"end":{"line":57,"column":25}},"57":{"start":{"line":58,"column":0},"end":{"line":58,"column":28}},"58":{"start":{"line":59,"column":0},"end":{"line":59,"column":53}},"59":{"start":{"line":60,"column":0},"end":{"line":60,"column":7}},"60":{"start":{"line":61,"column":0},"end":{"line":61,"column":6}},"61":{"start":{"line":62,"column":0},"end":{"line":62,"column":4}},"65":{"start":{"line":66,"column":0},"end":{"line":66,"column":10}},"66":{"start":{"line":67,"column":0},"end":{"line":67,"column":95}},"67":{"start":{"line":68,"column":0},"end":{"line":68,"column":16}},"68":{"start":{"line":69,"column":0},"end":{"line":69,"column":27}},"70":{"start":{"line":71,"column":0},"end":{"line":71,"column":1}},"71":{"start":{"line":72,"column":0},"end":{"line":72,"column":28}}},"s":{"1":1,"2":1,"4":1,"6":1,"7":18,"8":13,"9":13,"10":18,"12":18,"13":17,"14":18,"16":18,"17":10,"18":10,"20":10,"22":8,"24":3,"25":3,"26":5,"27":5,"28":5,"29":0,"30":5,"31":5,"33":2,"34":10,"35":10,"38":18,"39":1,"40":1,"45":18,"46":1,"47":0,"48":0,"49":0,"51":1,"52":0,"53":0,"54":0,"56":1,"57":1,"58":1,"59":1,"60":1,"61":1,"65":18,"66":18,"67":18,"68":18,"70":18,"71":1},"branchMap":{"0":{"type":"branch","line":7,"loc":{"start":{"line":7,"column":7},"end":{"line":71,"column":1}},"locations":[{"start":{"line":7,"column":7},"end":{"line":71,"column":1}}]},"1":{"type":"branch","line":8,"loc":{"start":{"line":8,"column":35},"end":{"line":11,"column":3}},"locations":[{"start":{"line":8,"column":35},"end":{"line":11,"column":3}}]},"2":{"type":"branch","line":10,"loc":{"start":{"line":10,"column":11},"end":{"line":10,"column":49}},"locations":[{"start":{"line":10,"column":11},"end":{"line":10,"column":49}}]},"3":{"type":"branch","line":10,"loc":{"start":{"line":10,"column":45},"end":{"line":10,"column":52}},"locations":[{"start":{"line":10,"column":45},"end":{"line":10,"column":52}}]},"4":{"type":"branch","line":13,"loc":{"start":{"line":13,"column":12},"end":{"line":15,"column":5}},"locations":[{"start":{"line":13,"column":12},"end":{"line":15,"column":5}}]},"5":{"type":"branch","line":17,"loc":{"start":{"line":17,"column":20},"end":{"line":36,"column":4}},"locations":[{"start":{"line":17,"column":20},"end":{"line":36,"column":4}}]},"6":{"type":"branch","line":18,"loc":{"start":{"line":18,"column":12},"end":{"line":35,"column":5}},"locations":[{"start":{"line":18,"column":12},"end":{"line":35,"column":5}}]},"7":{"type":"branch","line":21,"loc":{"start":{"line":21,"column":24},"end":{"line":32,"column":7}},"locations":[{"start":{"line":21,"column":24},"end":{"line":32,"column":7}}]},"8":{"type":"branch","line":23,"loc":{"start":{"line":23,"column":40},"end":{"line":26,"column":9}},"locations":[{"start":{"line":23,"column":40},"end":{"line":26,"column":9}}]},"9":{"type":"branch","line":26,"loc":{"start":{"line":26,"column":8},"end":{"line":32,"column":7}},"locations":[{"start":{"line":26,"column":8},"end":{"line":32,"column":7}}]},"10":{"type":"branch","line":32,"loc":{"start":{"line":32,"column":6},"end":{"line":34,"column":56}},"locations":[{"start":{"line":32,"column":6},"end":{"line":34,"column":56}}]},"11":{"type":"branch","line":19,"loc":{"start":{"line":19,"column":41},"end":{"line":19,"column":73}},"locations":[{"start":{"line":19,"column":41},"end":{"line":19,"column":73}}]},"12":{"type":"branch","line":27,"loc":{"start":{"line":27,"column":28},"end":{"line":30,"column":18}},"locations":[{"start":{"line":27,"column":28},"end":{"line":30,"column":18}}]},"13":{"type":"branch","line":29,"loc":{"start":{"line":29,"column":53},"end":{"line":30,"column":18}},"locations":[{"start":{"line":29,"column":53},"end":{"line":30,"column":18}}]},"14":{"type":"branch","line":39,"loc":{"start":{"line":39,"column":25},"end":{"line":41,"column":4}},"locations":[{"start":{"line":39,"column":25},"end":{"line":41,"column":4}}]},"15":{"type":"branch","line":40,"loc":{"start":{"line":40,"column":12},"end":{"line":40,"column":67}},"locations":[{"start":{"line":40,"column":12},"end":{"line":40,"column":67}}]},"16":{"type":"branch","line":40,"loc":{"start":{"line":40,"column":42},"end":{"line":40,"column":66}},"locations":[{"start":{"line":40,"column":42},"end":{"line":40,"column":66}}]},"17":{"type":"branch","line":46,"loc":{"start":{"line":46,"column":25},"end":{"line":62,"column":4}},"locations":[{"start":{"line":46,"column":25},"end":{"line":62,"column":4}}]},"18":{"type":"branch","line":47,"loc":{"start":{"line":47,"column":22},"end":{"line":50,"column":5}},"locations":[{"start":{"line":47,"column":22},"end":{"line":50,"column":5}}]},"19":{"type":"branch","line":52,"loc":{"start":{"line":52,"column":22},"end":{"line":55,"column":5}},"locations":[{"start":{"line":52,"column":22},"end":{"line":55,"column":5}}]},"20":{"type":"branch","line":57,"loc":{"start":{"line":57,"column":12},"end":{"line":60,"column":7}},"locations":[{"start":{"line":57,"column":12},"end":{"line":60,"column":7}}]},"21":{"type":"branch","line":58,"loc":{"start":{"line":58,"column":19},"end":{"line":59,"column":53}},"locations":[{"start":{"line":58,"column":19},"end":{"line":59,"column":53}}]},"22":{"type":"branch","line":59,"loc":{"start":{"line":59,"column":45},"end":{"line":59,"column":53}},"locations":[{"start":{"line":59,"column":45},"end":{"line":59,"column":53}}]}},"b":{"0":[18],"1":[13],"2":[8],"3":[5],"4":[17],"5":[10],"6":[10],"7":[8],"8":[3],"9":[5],"10":[2],"11":[8],"12":[5],"13":[0],"14":[1],"15":[1],"16":[1],"17":[1],"18":[0],"19":[0],"20":[1],"21":[1],"22":[0]},"fnMap":{"0":{"name":"CartProvider","decl":{"start":{"line":7,"column":7},"end":{"line":71,"column":1}},"loc":{"start":{"line":7,"column":7},"end":{"line":71,"column":1}},"line":7},"1":{"name":"addToCart","decl":{"start":{"line":17,"column":20},"end":{"line":36,"column":4}},"loc":{"start":{"line":17,"column":20},"end":{"line":36,"column":4}},"line":17},"2":{"name":"removeFromCart","decl":{"start":{"line":39,"column":25},"end":{"line":41,"column":4}},"loc":{"start":{"line":39,"column":25},"end":{"line":41,"column":4}},"line":39},"3":{"name":"updateQuantity","decl":{"start":{"line":46,"column":25},"end":{"line":62,"column":4}},"loc":{"start":{"line":46,"column":25},"end":{"line":62,"column":4}},"line":46}},"f":{"0":18,"1":10,"2":1,"3":1}}
,"C:\\Users\\rodrigo.faure\\Desktop\\Ticket-Globant\\src\\data\\concerts.js": {"path":"C:\\Users\\rodrigo.faure\\Desktop\\Ticket-Globant\\src\\data\\concerts.js","all":false,"statementMap":{"0":{"start":{"line":1,"column":0},"end":{"line":1,"column":21}},"1":{"start":{"line":2,"column":0},"end":{"line":2,"column":147}},"2":{"start":{"line":3,"column":0},"end":{"line":3,"column":148}},"3":{"start":{"line":4,"column":0},"end":{"line":4,"column":151}},"4":{"start":{"line":5,"column":0},"end":{"line":5,"column":152}},"5":{"start":{"line":6,"column":0},"end":{"line":6,"column":144}},"6":{"start":{"line":7,"column":0},"end":{"line":7,"column":148}},"7":{"start":{"line":8,"column":0},"end":{"line":8,"column":158}},"8":{"start":{"line":9,"column":0},"end":{"line":9,"column":150}},"9":{"start":{"line":10,"column":0},"end":{"line":10,"column":150}},"10":{"start":{"line":11,"column":0},"end":{"line":11,"column":142}},"11":{"start":{"line":12,"column":0},"end":{"line":12,"column":151}},"12":{"start":{"line":13,"column":0},"end":{"line":13,"column":141}},"13":{"start":{"line":14,"column":0},"end":{"line":14,"column":152}},"14":{"start":{"line":15,"column":0},"end":{"line":15,"column":143}},"15":{"start":{"line":16,"column":0},"end":{"line":16,"column":158}},"16":{"start":{"line":17,"column":0},"end":{"line":17,"column":149}},"17":{"start":{"line":18,"column":0},"end":{"line":18,"column":2}},"18":{"start":{"line":19,"column":0},"end":{"line":19,"column":2}},"19":{"start":{"line":20,"column":0},"end":{"line":20,"column":18}},"20":{"start":{"line":21,"column":0},"end":{"line":21,"column":4}},"21":{"start":{"line":22,"column":0},"end":{"line":22,"column":11}},"22":{"start":{"line":23,"column":0},"end":{"line":23,"column":22}},"23":{"start":{"line":24,"column":0},"end":{"line":24,"column":35}},"24":{"start":{"line":25,"column":0},"end":{"line":25,"column":24}},"25":{"start":{"line":26,"column":0},"end":{"line":26,"column":24}},"26":{"start":{"line":27,"column":0},"end":{"line":27,"column":15}},"27":{"start":{"line":28,"column":0},"end":{"line":28,"column":49}},"28":{"start":{"line":29,"column":0},"end":{"line":29,"column":4}},"29":{"start":{"line":30,"column":0},"end":{"line":30,"column":4}},"30":{"start":{"line":31,"column":0},"end":{"line":31,"column":11}},"31":{"start":{"line":32,"column":0},"end":{"line":32,"column":23}},"32":{"start":{"line":33,"column":0},"end":{"line":33,"column":32}},"33":{"start":{"line":34,"column":0},"end":{"line":34,"column":24}},"34":{"start":{"line":35,"column":0},"end":{"line":35,"column":27}},"35":{"start":{"line":36,"column":0},"end":{"line":36,"column":15}},"36":{"start":{"line":37,"column":0},"end":{"line":37,"column":49}},"37":{"start":{"line":38,"column":0},"end":{"line":38,"column":4}},"38":{"start":{"line":39,"column":0},"end":{"line":39,"column":4}},"39":{"start":{"line":40,"column":0},"end":{"line":40,"column":11}},"40":{"start":{"line":41,"column":0},"end":{"line":41,"column":22}},"41":{"start":{"line":42,"column":0},"end":{"line":42,"column":38}},"42":{"start":{"line":43,"column":0},"end":{"line":43,"column":24}},"43":{"start":{"line":44,"column":0},"end":{"line":44,"column":25}},"44":{"start":{"line":45,"column":0},"end":{"line":45,"column":15}},"45":{"start":{"line":46,"column":0},"end":{"line":46,"column":49}},"46":{"start":{"line":47,"column":0},"end":{"line":47,"column":4}},"47":{"start":{"line":48,"column":0},"end":{"line":48,"column":4}},"48":{"start":{"line":49,"column":0},"end":{"line":49,"column":11}},"49":{"start":{"line":50,"column":0},"end":{"line":50,"column":23}},"50":{"start":{"line":51,"column":0},"end":{"line":51,"column":37}},"51":{"start":{"line":52,"column":0},"end":{"line":52,"column":24}},"52":{"start":{"line":53,"column":0},"end":{"line":53,"column":26}},"53":{"start":{"line":54,"column":0},"end":{"line":54,"column":15}},"54":{"start":{"line":55,"column":0},"end":{"line":55,"column":49}},"55":{"start":{"line":56,"column":0},"end":{"line":56,"column":4}},"56":{"start":{"line":57,"column":0},"end":{"line":57,"column":4}},"57":{"start":{"line":58,"column":0},"end":{"line":58,"column":11}},"58":{"start":{"line":59,"column":0},"end":{"line":59,"column":24}},"59":{"start":{"line":60,"column":0},"end":{"line":60,"column":30}},"60":{"start":{"line":61,"column":0},"end":{"line":61,"column":24}},"61":{"start":{"line":62,"column":0},"end":{"line":62,"column":24}},"62":{"start":{"line":63,"column":0},"end":{"line":63,"column":15}},"63":{"start":{"line":64,"column":0},"end":{"line":64,"column":49}},"64":{"start":{"line":65,"column":0},"end":{"line":65,"column":4}},"65":{"start":{"line":66,"column":0},"end":{"line":66,"column":3}},"66":{"start":{"line":67,"column":0},"end":{"line":67,"column":11}},"67":{"start":{"line":68,"column":0},"end":{"line":68,"column":21}},"68":{"start":{"line":69,"column":0},"end":{"line":69,"column":36}},"69":{"start":{"line":70,"column":0},"end":{"line":70,"column":24}},"70":{"start":{"line":71,"column":0},"end":{"line":71,"column":25}},"71":{"start":{"line":72,"column":0},"end":{"line":72,"column":15}},"72":{"start":{"line":73,"column":0},"end":{"line":73,"column":49}},"73":{"start":{"line":74,"column":0},"end":{"line":74,"column":4}},"74":{"start":{"line":75,"column":0},"end":{"line":75,"column":4}},"75":{"start":{"line":76,"column":0},"end":{"line":76,"column":11}},"76":{"start":{"line":77,"column":0},"end":{"line":77,"column":29}},"77":{"start":{"line":78,"column":0},"end":{"line":78,"column":37}},"78":{"start":{"line":79,"column":0},"end":{"line":79,"column":24}},"79":{"start":{"line":80,"column":0},"end":{"line":80,"column":26}},"80":{"start":{"line":81,"column":0},"end":{"line":81,"column":15}},"81":{"start":{"line":82,"column":0},"end":{"line":82,"column":49}},"82":{"start":{"line":83,"column":0},"end":{"line":83,"column":4}},"83":{"start":{"line":84,"column":0},"end":{"line":84,"column":4}},"84":{"start":{"line":85,"column":0},"end":{"line":85,"column":11}},"85":{"start":{"line":86,"column":0},"end":{"line":86,"column":26}},"86":{"start":{"line":87,"column":0},"end":{"line":87,"column":33}},"87":{"start":{"line":88,"column":0},"end":{"line":88,"column":24}},"88":{"start":{"line":89,"column":0},"end":{"line":89,"column":24}},"89":{"start":{"line":90,"column":0},"end":{"line":90,"column":15}},"90":{"start":{"line":91,"column":0},"end":{"line":91,"column":49}},"91":{"start":{"line":92,"column":0},"end":{"line":92,"column":4}},"92":{"start":{"line":93,"column":0},"end":{"line":93,"column":2}},"93":{"start":{"line":94,"column":0},"end":{"line":94,"column":26}}},"s":{"0":1,"1":1,"2":1,"3":1,"4":1,"5":1,"6":1,"7":1,"8":1,"9":1,"10":1,"11":1,"12":1,"13":1,"14":1,"15":1,"16":1,"17":1,"18":1,"19":1,"20":1,"21":1,"22":1,"23":1,"24":1,"25":1,"26":1,"27":1,"28":1,"29":1,"30":1,"31":1,"32":1,"33":1,"34":1,"35":1,"36":1,"37":1,"38":1,"39":1,"40":1,"41":1,"42":1,"43":1,"44":1,"45":1,"46":1,"47":1,"48":1,"49":1,"50":1,"51":1,"52":1,"53":1,"54":1,"55":1,"56":1,"57":1,"58":1,"59":1,"60":1,"61":1,"62":1,"63":1,"64":1,"65":1,"66":1,"67":1,"68":1,"69":1,"70":1,"71":1,"72":1,"73":1,"74":1,"75":1,"76":1,"77":1,"78":1,"79":1,"80":1,"81":1,"82":1,"83":1,"84":1,"85":1,"86":1,"87":1,"88":1,"89":1,"90":1,"91":1,"92":1,"93":1},"branchMap":{},"b":{},"fnMap":{},"f":{}}
,"C:\\Users\\rodrigo.faure\\Desktop\\Ticket-Globant\\src\\pages\\Checkout.jsx": {"path":"C:\\Users\\rodrigo.faure\\Desktop\\Ticket-Globant\\src\\pages\\Checkout.jsx","all":false,"statementMap":{"0":{"start":{"line":1,"column":0},"end":{"line":1,"column":26}},"1":{"start":{"line":2,"column":0},"end":{"line":2,"column":56}},"2":{"start":{"line":3,"column":0},"end":{"line":3,"column":53}},"3":{"start":{"line":4,"column":0},"end":{"line":4,"column":48}},"4":{"start":{"line":5,"column":0},"end":{"line":5,"column":50}},"7":{"start":{"line":8,"column":0},"end":{"line":8,"column":21}},"8":{"start":{"line":9,"column":0},"end":{"line":9,"column":43}},"9":{"start":{"line":10,"column":0},"end":{"line":10,"column":54}},"11":{"start":{"line":12,"column":0},"end":{"line":12,"column":19}},"12":{"start":{"line":13,"column":0},"end":{"line":13,"column":35}},"13":{"start":{"line":14,"column":0},"end":{"line":14,"column":13}},"15":{"start":{"line":16,"column":0},"end":{"line":16,"column":10}},"16":{"start":{"line":17,"column":0},"end":{"line":17,"column":6}},"17":{"start":{"line":18,"column":0},"end":{"line":18,"column":17}},"18":{"start":{"line":19,"column":0},"end":{"line":19,"column":20}},"19":{"start":{"line":20,"column":0},"end":{"line":20,"column":16}},"21":{"start":{"line":22,"column":0},"end":{"line":22,"column":7}},"24":{"start":{"line":25,"column":0},"end":{"line":25,"column":1}},"26":{"start":{"line":27,"column":0},"end":{"line":27,"column":24}}},"s":{"0":1,"1":1,"2":1,"3":1,"4":1,"7":3,"8":3,"9":3,"11":3,"12":2,"13":3,"15":3,"16":3,"17":3,"18":1,"19":2,"21":3,"24":3,"26":1},"branchMap":{"0":{"type":"branch","line":8,"loc":{"start":{"line":8,"column":0},"end":{"line":25,"column":1}},"locations":[{"start":{"line":8,"column":0},"end":{"line":25,"column":1}}]},"1":{"type":"branch","line":18,"loc":{"start":{"line":18,"column":5},"end":{"line":19,"column":20}},"locations":[{"start":{"line":18,"column":5},"end":{"line":19,"column":20}}]},"2":{"type":"branch","line":19,"loc":{"start":{"line":19,"column":16},"end":{"line":20,"column":16}},"locations":[{"start":{"line":19,"column":16},"end":{"line":20,"column":16}}]},"3":{"type":"branch","line":12,"loc":{"start":{"line":12,"column":12},"end":{"line":14,"column":5}},"locations":[{"start":{"line":12,"column":12},"end":{"line":14,"column":5}}]}},"b":{"0":[3],"1":[1],"2":[2],"3":[2]},"fnMap":{"0":{"name":"Checkout","decl":{"start":{"line":8,"column":0},"end":{"line":25,"column":1}},"loc":{"start":{"line":8,"column":0},"end":{"line":25,"column":1}},"line":8}},"f":{"0":3}}
,"C:\\Users\\rodrigo.faure\\Desktop\\Ticket-Globant\\src\\pages\\ConcertPage.jsx": {"path":"C:\\Users\\rodrigo.faure\\Desktop\\Ticket-Globant\\src\\pages\\ConcertPage.jsx","all":true,"statementMap":{"0":{"start":{"line":1,"column":0},"end":{"line":1,"column":56}},"4":{"start":{"line":5,"column":0},"end":{"line":5,"column":27}},"5":{"start":{"line":6,"column":0},"end":{"line":6,"column":13}},"6":{"start":{"line":7,"column":0},"end":{"line":7,"column":25}},"8":{"start":{"line":9,"column":0},"end":{"line":9,"column":1}},"10":{"start":{"line":11,"column":0},"end":{"line":11,"column":27}}},"s":{"0":0,"4":0,"5":0,"6":0,"8":0,"10":0},"branchMap":{"0":{"type":"branch","line":1,"loc":{"start":{"line":1,"column":0},"end":{"line":11,"column":-33}},"locations":[{"start":{"line":1,"column":0},"end":{"line":11,"column":-33}}]}},"b":{"0":[0]},"fnMap":{"0":{"name":"(empty-report)","decl":{"start":{"line":1,"column":0},"end":{"line":11,"column":-33}},"loc":{"start":{"line":1,"column":0},"end":{"line":11,"column":-33}},"line":1}},"f":{"0":0}}
,"C:\\Users\\rodrigo.faure\\Desktop\\Ticket-Globant\\src\\pages\\ConfirmPage.jsx": {"path":"C:\\Users\\rodrigo.faure\\Desktop\\Ticket-Globant\\src\\pages\\ConfirmPage.jsx","all":false,"statementMap":{"0":{"start":{"line":1,"column":0},"end":{"line":1,"column":26}},"1":{"start":{"line":2,"column":0},"end":{"line":2,"column":56}},"2":{"start":{"line":3,"column":0},"end":{"line":3,"column":53}},"3":{"start":{"line":4,"column":0},"end":{"line":4,"column":47}},"4":{"start":{"line":5,"column":0},"end":{"line":5,"column":20}},"7":{"start":{"line":8,"column":0},"end":{"line":8,"column":24}},"8":{"start":{"line":9,"column":0},"end":{"line":9,"column":53}},"9":{"start":{"line":10,"column":0},"end":{"line":10,"column":33}},"10":{"start":{"line":11,"column":0},"end":{"line":11,"column":55}},"12":{"start":{"line":13,"column":0},"end":{"line":13,"column":68}},"15":{"start":{"line":16,"column":0},"end":{"line":16,"column":21}},"16":{"start":{"line":17,"column":0},"end":{"line":17,"column":19}},"18":{"start":{"line":19,"column":0},"end":{"line":19,"column":26}},"20":{"start":{"line":21,"column":0},"end":{"line":21,"column":19}},"21":{"start":{"line":22,"column":0},"end":{"line":22,"column":38}},"22":{"start":{"line":23,"column":0},"end":{"line":23,"column":5}},"23":{"start":{"line":24,"column":0},"end":{"line":24,"column":23}},"25":{"start":{"line":26,"column":0},"end":{"line":26,"column":10}},"26":{"start":{"line":27,"column":0},"end":{"line":27,"column":39}},"27":{"start":{"line":28,"column":0},"end":{"line":28,"column":46}},"28":{"start":{"line":29,"column":0},"end":{"line":29,"column":36}},"29":{"start":{"line":30,"column":0},"end":{"line":30,"column":13}},"30":{"start":{"line":31,"column":0},"end":{"line":31,"column":12}},"31":{"start":{"line":32,"column":0},"end":{"line":32,"column":28}},"32":{"start":{"line":33,"column":0},"end":{"line":33,"column":28}},"33":{"start":{"line":34,"column":0},"end":{"line":34,"column":24}},"34":{"start":{"line":35,"column":0},"end":{"line":35,"column":27}},"35":{"start":{"line":36,"column":0},"end":{"line":36,"column":34}},"36":{"start":{"line":37,"column":0},"end":{"line":37,"column":24}},"37":{"start":{"line":38,"column":0},"end":{"line":38,"column":13}},"38":{"start":{"line":39,"column":0},"end":{"line":39,"column":33}},"39":{"start":{"line":40,"column":0},"end":{"line":40,"column":29}},"40":{"start":{"line":41,"column":0},"end":{"line":41,"column":36}},"41":{"start":{"line":42,"column":0},"end":{"line":42,"column":36}},"42":{"start":{"line":43,"column":0},"end":{"line":43,"column":32}},"43":{"start":{"line":44,"column":0},"end":{"line":44,"column":38}},"44":{"start":{"line":45,"column":0},"end":{"line":45,"column":34}},"45":{"start":{"line":46,"column":0},"end":{"line":46,"column":50}},"46":{"start":{"line":47,"column":0},"end":{"line":47,"column":15}},"47":{"start":{"line":48,"column":0},"end":{"line":48,"column":13}},"49":{"start":{"line":50,"column":0},"end":{"line":50,"column":14}},"50":{"start":{"line":51,"column":0},"end":{"line":51,"column":33}},"51":{"start":{"line":52,"column":0},"end":{"line":52,"column":21}},"52":{"start":{"line":53,"column":0},"end":{"line":53,"column":63}},"53":{"start":{"line":54,"column":0},"end":{"line":54,"column":71}},"54":{"start":{"line":55,"column":0},"end":{"line":55,"column":12}},"56":{"start":{"line":57,"column":0},"end":{"line":57,"column":1}},"58":{"start":{"line":59,"column":0},"end":{"line":59,"column":27}}},"s":{"0":1,"1":1,"2":1,"3":1,"4":1,"7":5,"8":5,"9":5,"10":5,"12":5,"15":5,"16":5,"18":3,"20":2,"21":2,"22":2,"23":5,"25":5,"26":5,"27":5,"28":5,"29":5,"30":5,"31":5,"32":5,"33":5,"34":5,"35":5,"36":5,"37":5,"38":5,"39":2,"40":2,"41":2,"42":2,"43":2,"44":2,"45":2,"46":2,"47":5,"49":5,"50":5,"51":5,"52":5,"53":5,"54":5,"56":5,"58":1},"branchMap":{"0":{"type":"branch","line":8,"loc":{"start":{"line":8,"column":0},"end":{"line":57,"column":1}},"locations":[{"start":{"line":8,"column":0},"end":{"line":57,"column":1}}]},"1":{"type":"branch","line":17,"loc":{"start":{"line":17,"column":12},"end":{"line":24,"column":5}},"locations":[{"start":{"line":17,"column":12},"end":{"line":24,"column":5}}]},"2":{"type":"branch","line":19,"loc":{"start":{"line":19,"column":25},"end":{"line":23,"column":5}},"locations":[{"start":{"line":19,"column":25},"end":{"line":23,"column":5}}]},"3":{"type":"branch","line":39,"loc":{"start":{"line":39,"column":22},"end":{"line":47,"column":15}},"locations":[{"start":{"line":39,"column":22},"end":{"line":47,"column":15}}]},"4":{"type":"branch","line":54,"loc":{"start":{"line":54,"column":23},"end":{"line":54,"column":44}},"locations":[{"start":{"line":54,"column":23},"end":{"line":54,"column":44}}]}},"b":{"0":[5],"1":[3],"2":[2],"3":[2],"4":[1]},"fnMap":{"0":{"name":"ConfirmPage","decl":{"start":{"line":8,"column":0},"end":{"line":57,"column":1}},"loc":{"start":{"line":8,"column":0},"end":{"line":57,"column":1}},"line":8},"1":{"name":"onClick","decl":{"start":{"line":54,"column":23},"end":{"line":54,"column":44}},"loc":{"start":{"line":54,"column":23},"end":{"line":54,"column":44}},"line":54}},"f":{"0":5,"1":1}}
,"C:\\Users\\rodrigo.faure\\Desktop\\Ticket-Globant\\src\\pages\\Home.jsx": {"path":"C:\\Users\\rodrigo.faure\\Desktop\\Ticket-Globant\\src\\pages\\Home.jsx","all":true,"statementMap":{"0":{"start":{"line":1,"column":0},"end":{"line":1,"column":52}},"1":{"start":{"line":2,"column":0},"end":{"line":2,"column":47}},"2":{"start":{"line":3,"column":0},"end":{"line":3,"column":37}},"4":{"start":{"line":5,"column":0},"end":{"line":5,"column":17}},"5":{"start":{"line":6,"column":0},"end":{"line":6,"column":10}},"6":{"start":{"line":7,"column":0},"end":{"line":7,"column":42}},"7":{"start":{"line":8,"column":0},"end":{"line":8,"column":19}},"14":{"start":{"line":15,"column":0},"end":{"line":15,"column":37}},"15":{"start":{"line":16,"column":0},"end":{"line":16,"column":21}},"16":{"start":{"line":17,"column":0},"end":{"line":17,"column":10}},"18":{"start":{"line":19,"column":0},"end":{"line":19,"column":1}},"20":{"start":{"line":21,"column":0},"end":{"line":21,"column":20}}},"s":{"0":0,"1":0,"2":0,"4":0,"5":0,"6":0,"7":0,"14":0,"15":0,"16":0,"18":0,"20":0},"branchMap":{"0":{"type":"branch","line":1,"loc":{"start":{"line":1,"column":0},"end":{"line":21,"column":-75}},"locations":[{"start":{"line":1,"column":0},"end":{"line":21,"column":-75}}]}},"b":{"0":[0]},"fnMap":{"0":{"name":"(empty-report)","decl":{"start":{"line":1,"column":0},"end":{"line":21,"column":-75}},"loc":{"start":{"line":1,"column":0},"end":{"line":21,"column":-75}},"line":1}},"f":{"0":0}}
,"C:\\Users\\rodrigo.faure\\Desktop\\Ticket-Globant\\src\\pages\\NotFound.jsx": {"path":"C:\\Users\\rodrigo.faure\\Desktop\\Ticket-Globant\\src\\pages\\NotFound.jsx","all":false,"statementMap":{"0":{"start":{"line":1,"column":0},"end":{"line":1,"column":26}},"1":{"start":{"line":2,"column":0},"end":{"line":2,"column":47}},"3":{"start":{"line":4,"column":0},"end":{"line":4,"column":21}},"4":{"start":{"line":5,"column":0},"end":{"line":5,"column":33}},"6":{"start":{"line":7,"column":0},"end":{"line":7,"column":10}},"7":{"start":{"line":8,"column":0},"end":{"line":8,"column":31}},"8":{"start":{"line":9,"column":0},"end":{"line":9,"column":35}},"9":{"start":{"line":10,"column":0},"end":{"line":10,"column":127}},"10":{"start":{"line":11,"column":0},"end":{"line":11,"column":34}},"11":{"start":{"line":12,"column":0},"end":{"line":12,"column":57}},"13":{"start":{"line":14,"column":0},"end":{"line":14,"column":71}},"14":{"start":{"line":15,"column":0},"end":{"line":15,"column":10}},"16":{"start":{"line":17,"column":0},"end":{"line":17,"column":1}},"18":{"start":{"line":19,"column":0},"end":{"line":19,"column":24}}},"s":{"0":1,"1":1,"3":3,"4":3,"6":3,"7":3,"8":3,"9":3,"10":3,"11":3,"13":3,"14":3,"16":3,"18":1},"branchMap":{"0":{"type":"branch","line":4,"loc":{"start":{"line":4,"column":0},"end":{"line":17,"column":1}},"locations":[{"start":{"line":4,"column":0},"end":{"line":17,"column":1}}]},"1":{"type":"branch","line":14,"loc":{"start":{"line":14,"column":23},"end":{"line":14,"column":44}},"locations":[{"start":{"line":14,"column":23},"end":{"line":14,"column":44}}]}},"b":{"0":[3],"1":[1]},"fnMap":{"0":{"name":"NotFound","decl":{"start":{"line":4,"column":0},"end":{"line":17,"column":1}},"loc":{"start":{"line":4,"column":0},"end":{"line":17,"column":1}},"line":4},"1":{"name":"onClick","decl":{"start":{"line":14,"column":23},"end":{"line":14,"column":44}},"loc":{"start":{"line":14,"column":23},"end":{"line":14,"column":44}},"line":14}},"f":{"0":3,"1":1}}
}
